<?xml version="1.0" encoding="UTF-8"?>
<testng-results ignored="0" total="1" passed="1" failed="0" skipped="0">
  <reporter-output>
  </reporter-output>
  <suite started-at="2025-09-16T11:54:20 IST" name="Suite" finished-at="2025-09-16T11:54:41 IST" duration-ms="20618">
    <groups>
    </groups>
    <test started-at="2025-09-16T11:54:20 IST" name="Test" finished-at="2025-09-16T11:54:41 IST" duration-ms="20618">
      <class name="testCases.TC004_VerifyLoginViaEmail">
        <test-method is-config="true" signature="setUp()[pri:0, instance:testCases.TC004_VerifyLoginViaEmail@ed7f8b4]" started-at="2025-09-16T11:54:20 IST" name="setUp" finished-at="2025-09-16T11:54:36 IST" duration-ms="15732" status="PASS">
          <reporter-output>
          </reporter-output>
        </test-method> <!-- setUp -->
        <test-method signature="VerifyLoginViaEmail()[pri:0, instance:testCases.TC004_VerifyLoginViaEmail@ed7f8b4]" started-at="2025-09-16T11:54:36 IST" name="VerifyLoginViaEmail" finished-at="2025-09-16T11:54:40 IST" duration-ms="3636" status="PASS">
          <reporter-output>
          </reporter-output>
        </test-method> <!-- VerifyLoginViaEmail -->
        <test-method is-config="true" signature="tearDown()[pri:0, instance:testCases.TC004_VerifyLoginViaEmail@ed7f8b4]" started-at="2025-09-16T11:54:40 IST" name="tearDown" finished-at="2025-09-16T11:54:41 IST" duration-ms="1064" status="PASS">
          <reporter-output>
          </reporter-output>
        </test-method> <!-- tearDown -->
      </class> <!-- testCases.TC004_VerifyLoginViaEmail -->
    </test> <!-- Test -->
  </suite> <!-- Suite -->
</testng-results>
